0 info it worked if it ends with ok
1 verbose cli [ '/usr/bin/nodejs', '/usr/bin/npm', 'run', 'react-dev' ]
2 info using npm@3.5.2
3 info using node@v4.2.6
4 verbose run-script [ 'prereact-dev', 'react-dev', 'postreact-dev' ]
5 info lifecycle hackersreloaded@1.0.0~prereact-dev: hackersreloaded@1.0.0
6 silly lifecycle hackersreloaded@1.0.0~prereact-dev: no script for prereact-dev, continuing
7 info lifecycle hackersreloaded@1.0.0~react-dev: hackersreloaded@1.0.0
8 verbose lifecycle hackersreloaded@1.0.0~react-dev: unsafe-perm in lifecycle true
9 verbose lifecycle hackersreloaded@1.0.0~react-dev: PATH: /usr/share/npm/bin/node-gyp-bin:/home/hc-27/Documents/hackersReloaded/node_modules/.bin:/home/hc-27/bin:/home/hc-27/.local/bin:/usr/local/sbin:/usr/local/bin:/usr/sbin:/usr/bin:/sbin:/bin:/usr/games:/usr/local/games:/snap/bin
10 verbose lifecycle hackersreloaded@1.0.0~react-dev: CWD: /home/hc-27/Documents/hackersReloaded
11 silly lifecycle hackersreloaded@1.0.0~react-dev: Args: [ '-c', 'webpack -d --watch' ]
12 silly lifecycle hackersreloaded@1.0.0~react-dev: Returned: code: 255  signal: null
13 info lifecycle hackersreloaded@1.0.0~react-dev: Failed to exec react-dev script
14 verbose stack Error: hackersreloaded@1.0.0 react-dev: `webpack -d --watch`
14 verbose stack Exit status 255
14 verbose stack     at EventEmitter.<anonymous> (/usr/share/npm/lib/utils/lifecycle.js:232:16)
14 verbose stack     at emitTwo (events.js:87:13)
14 verbose stack     at EventEmitter.emit (events.js:172:7)
14 verbose stack     at ChildProcess.<anonymous> (/usr/share/npm/lib/utils/spawn.js:24:14)
14 verbose stack     at emitTwo (events.js:87:13)
14 verbose stack     at ChildProcess.emit (events.js:172:7)
14 verbose stack     at maybeClose (internal/child_process.js:821:16)
14 verbose stack     at Process.ChildProcess._handle.onexit (internal/child_process.js:211:5)
15 verbose pkgid hackersreloaded@1.0.0
16 verbose cwd /home/hc-27/Documents/hackersReloaded
17 error Linux 4.13.0-32-generic
18 error argv "/usr/bin/nodejs" "/usr/bin/npm" "run" "react-dev"
19 error node v4.2.6
20 error npm  v3.5.2
21 error code ELIFECYCLE
22 error hackersreloaded@1.0.0 react-dev: `webpack -d --watch`
22 error Exit status 255
23 error Failed at the hackersreloaded@1.0.0 react-dev script 'webpack -d --watch'.
23 error Make sure you have the latest version of node.js and npm installed.
23 error If you do, this is most likely a problem with the hackersreloaded package,
23 error not with npm itself.
23 error Tell the author that this fails on your system:
23 error     webpack -d --watch
23 error You can get information on how to open an issue for this project with:
23 error     npm bugs hackersreloaded
23 error Or if that isn't available, you can get their info via:
23 error     npm owner ls hackersreloaded
23 error There is likely additional logging output above.
24 verbose exit [ 1, true ]
